This file contains any messages produced by compilers while
running configure, to aid debugging if configure makes a mistake.

It was created by CUnit configure 2.1-3, which was
generated by GNU Autoconf 2.69.  Invocation command line was

  $ ./configure 

## --------- ##
## Platform. ##
## --------- ##

hostname = Avshaloms-MacBook-Pro.local
uname -m = x86_64
uname -r = 17.3.0
uname -s = Darwin
uname -v = Darwin Kernel Version 17.3.0: Thu Nov  9 18:09:22 PST 2017; root:xnu-4570.31.3~1/RELEASE_X86_64

/usr/bin/uname -p = i386
/bin/uname -X     = unknown

/bin/arch              = unknown
/usr/bin/arch -k       = unknown
/usr/convex/getsysinfo = unknown
/usr/bin/hostinfo      = Mach kernel version:
	 Darwin Kernel Version 17.3.0: Thu Nov  9 18:09:22 PST 2017; root:xnu-4570.31.3~1/RELEASE_X86_64
Kernel configured for up to 4 processors.
2 processors are physically available.
4 processors are logically available.
Processor type: x86_64h (Intel x86-64h Haswell)
Processors active: 0 1 2 3
Primary memory available: 8.00 gigabytes
Default processor set: 422 tasks, 2239 threads, 4 processors
Load average: 1.90, Mach factor: 2.09
/bin/machine           = unknown
/usr/bin/oslevel       = unknown
/bin/universe          = unknown

PATH: /Library/Frameworks/Python.framework/Versions/2.7/bin
PATH: /usr/local/bin
PATH: /Library/Frameworks/Python.framework/Versions/2.7/bin
PATH: /usr/local/bin
PATH: /usr/bin
PATH: /bin
PATH: /usr/sbin
PATH: /sbin


## ----------- ##
## Core tests. ##
## ----------- ##

configure:2298: checking for a BSD-compatible install
configure:2366: result: /usr/bin/install -c
configure:2377: checking whether build environment is sane
configure:2432: result: yes
configure:2583: checking for a thread-safe mkdir -p
configure:2622: result: ./install-sh -c -d
configure:2629: checking for gawk
configure:2659: result: no
configure:2629: checking for mawk
configure:2659: result: no
configure:2629: checking for nawk
configure:2659: result: no
configure:2629: checking for awk
configure:2645: found /usr/bin/awk
configure:2656: result: awk
configure:2667: checking whether make sets $(MAKE)
configure:2689: result: yes
configure:2718: checking whether make supports nested variables
configure:2735: result: yes
configure:3115: checking for gcc
configure:3131: found /usr/bin/gcc
configure:3142: result: gcc
configure:3371: checking for C compiler version
configure:3380: gcc --version >&5
Apple LLVM version 9.1.0 (clang-902.0.39.1)
Target: x86_64-apple-darwin17.3.0
Thread model: posix
InstalledDir: /Library/Developer/CommandLineTools/usr/bin
Configured with: --prefix=/Library/Developer/CommandLineTools/usr --with-gxx-include-dir=/usr/include/c++/4.2.1
configure:3391: $? = 0
configure:3380: gcc -v >&5
Configured with: --prefix=/Library/Developer/CommandLineTools/usr --with-gxx-include-dir=/usr/include/c++/4.2.1
Apple LLVM version 9.1.0 (clang-902.0.39.1)
Target: x86_64-apple-darwin17.3.0
Thread model: posix
InstalledDir: /Library/Developer/CommandLineTools/usr/bin
configure:3391: $? = 0
configure:3380: gcc -V >&5
clang: error: argument to '-V' is missing (expected 1 value)
clang: error: no input files
configure:3391: $? = 1
configure:3380: gcc -qversion >&5
clang: error: unknown argument: '-qversion'
clang: error: no input files
configure:3391: $? = 1
configure:3411: checking whether the C compiler works
configure:3433: gcc  -DRELEASE=@RELEASE@ -Wall -W -pedantic -Wshadow -ansi -I/Users/Avshalom/Desktop/smartPayChall-New/smartPayChall/CUnit/CUnit/Headers -std=c99   -L/Users/Avshalom/Desktop/smartPayChall-New/smartPayChall/CUnit/CUnit/Sources conftest.c  >&5
configure:3437: $? = 0
configure:3485: result: yes
configure:3488: checking for C compiler default output file name
configure:3490: result: a.out
configure:3496: checking for suffix of executables
configure:3503: gcc -o conftest  -DRELEASE=@RELEASE@ -Wall -W -pedantic -Wshadow -ansi -I/Users/Avshalom/Desktop/smartPayChall-New/smartPayChall/CUnit/CUnit/Headers -std=c99   -L/Users/Avshalom/Desktop/smartPayChall-New/smartPayChall/CUnit/CUnit/Sources conftest.c  >&5
configure:3507: $? = 0
configure:3529: result: 
configure:3551: checking whether we are cross compiling
configure:3559: gcc -o conftest  -DRELEASE=@RELEASE@ -Wall -W -pedantic -Wshadow -ansi -I/Users/Avshalom/Desktop/smartPayChall-New/smartPayChall/CUnit/CUnit/Headers -std=c99   -L/Users/Avshalom/Desktop/smartPayChall-New/smartPayChall/CUnit/CUnit/Sources conftest.c  >&5
configure:3563: $? = 0
configure:3570: ./conftest
configure:3574: $? = 0
configure:3589: result: no
configure:3594: checking for suffix of object files
configure:3616: gcc -c  -DRELEASE=@RELEASE@ -Wall -W -pedantic -Wshadow -ansi -I/Users/Avshalom/Desktop/smartPayChall-New/smartPayChall/CUnit/CUnit/Headers -std=c99  conftest.c >&5
configure:3620: $? = 0
configure:3641: result: o
configure:3645: checking whether we are using the GNU C compiler
configure:3664: gcc -c  -DRELEASE=@RELEASE@ -Wall -W -pedantic -Wshadow -ansi -I/Users/Avshalom/Desktop/smartPayChall-New/smartPayChall/CUnit/CUnit/Headers -std=c99  conftest.c >&5
configure:3664: $? = 0
configure:3673: result: yes
configure:3682: checking whether gcc accepts -g
configure:3702: gcc -c -g  conftest.c >&5
configure:3702: $? = 0
configure:3743: result: yes
configure:3760: checking for gcc option to accept ISO C89
configure:3823: gcc  -c  -DRELEASE=@RELEASE@ -Wall -W -pedantic -Wshadow -ansi -I/Users/Avshalom/Desktop/smartPayChall-New/smartPayChall/CUnit/CUnit/Headers -std=c99  conftest.c >&5
configure:3823: $? = 0
configure:3836: result: none needed
configure:3861: checking whether gcc understands -c and -o together
configure:3883: gcc -c conftest.c -o conftest2.o
configure:3886: $? = 0
configure:3883: gcc -c conftest.c -o conftest2.o
configure:3886: $? = 0
configure:3898: result: yes
configure:3926: checking for style of include used by make
configure:3954: result: GNU
configure:3980: checking dependency style of gcc
configure:4091: result: gcc3
configure:4107: checking whether make sets $(MAKE)
configure:4129: result: yes
configure:4167: checking build system type
configure:4181: result: x86_64-apple-darwin17.3.0
configure:4201: checking host system type
configure:4214: result: x86_64-apple-darwin17.3.0
configure:4255: checking how to print strings
configure:4282: result: printf
configure:4303: checking for a sed that does not truncate output
configure:4367: result: /usr/bin/sed
configure:4385: checking for grep that handles long lines and -e
configure:4443: result: /usr/bin/grep
configure:4448: checking for egrep
configure:4510: result: /usr/bin/grep -E
configure:4515: checking for fgrep
configure:4577: result: /usr/bin/grep -F
configure:4612: checking for ld used by gcc
configure:4679: result: /Library/Developer/CommandLineTools/usr/bin/ld
configure:4686: checking if the linker (/Library/Developer/CommandLineTools/usr/bin/ld) is GNU ld
configure:4701: result: no
configure:4713: checking for BSD- or MS-compatible name lister (nm)
configure:4767: result: /usr/bin/nm -B
configure:4897: checking the name lister (/usr/bin/nm -B) interface
configure:4904: gcc -c  -DRELEASE=@RELEASE@ -Wall -W -pedantic -Wshadow -ansi -I/Users/Avshalom/Desktop/smartPayChall-New/smartPayChall/CUnit/CUnit/Headers -std=c99  conftest.c >&5
configure:4907: /usr/bin/nm -B "conftest.o"
configure:4910: output
0000000000000000 S _some_variable
configure:4917: result: BSD nm
configure:4920: checking whether ln -s works
configure:4924: result: yes
configure:4932: checking the maximum length of command line arguments
configure:5063: result: 196608
configure:5111: checking how to convert x86_64-apple-darwin17.3.0 file names to x86_64-apple-darwin17.3.0 format
configure:5151: result: func_convert_file_noop
configure:5158: checking how to convert x86_64-apple-darwin17.3.0 file names to toolchain format
configure:5178: result: func_convert_file_noop
configure:5185: checking for /Library/Developer/CommandLineTools/usr/bin/ld option to reload object files
configure:5192: result: -r
configure:5266: checking for objdump
configure:5282: found /usr/bin/objdump
configure:5293: result: objdump
configure:5325: checking how to recognize dependent libraries
configure:5525: result: pass_all
configure:5610: checking for dlltool
configure:5640: result: no
configure:5670: checking how to associate runtime and link libraries
configure:5697: result: printf %s\n
configure:5758: checking for ar
configure:5774: found /usr/bin/ar
configure:5785: result: ar
configure:5822: checking for archiver @FILE support
configure:5839: gcc -c  -DRELEASE=@RELEASE@ -Wall -W -pedantic -Wshadow -ansi -I/Users/Avshalom/Desktop/smartPayChall-New/smartPayChall/CUnit/CUnit/Headers -std=c99  conftest.c >&5
configure:5839: $? = 0
configure:5842: ar cru libconftest.a @conftest.lst >&5
ar: @conftest.lst: No such file or directory
configure:5845: $? = 1
configure:5865: result: no
configure:5923: checking for strip
configure:5939: found /usr/bin/strip
configure:5950: result: strip
configure:6022: checking for ranlib
configure:6038: found /usr/bin/ranlib
configure:6049: result: ranlib
configure:6151: checking command to parse /usr/bin/nm -B output from gcc object
configure:6304: gcc -c  -DRELEASE=@RELEASE@ -Wall -W -pedantic -Wshadow -ansi -I/Users/Avshalom/Desktop/smartPayChall-New/smartPayChall/CUnit/CUnit/Headers -std=c99  conftest.c >&5
configure:6307: $? = 0
configure:6311: /usr/bin/nm -B conftest.o \| sed -n -e 's/^.*[ ]\([BCDEGRST][BCDEGRST]*\)[ ][ ]*\([_A-Za-z][_A-Za-z0-9]*\)$/\1 \2 \2/p' | sed '/ __gnu_lto/d' \> conftest.nm
configure:6314: $? = 0
cannot find nm_test_var in conftest.nm
configure:6304: gcc -c  -DRELEASE=@RELEASE@ -Wall -W -pedantic -Wshadow -ansi -I/Users/Avshalom/Desktop/smartPayChall-New/smartPayChall/CUnit/CUnit/Headers -std=c99  conftest.c >&5
configure:6307: $? = 0
configure:6311: /usr/bin/nm -B conftest.o \| sed -n -e 's/^.*[ ]\([BCDEGRST][BCDEGRST]*\)[ ][ ]*_\([_A-Za-z][_A-Za-z0-9]*\)$/\1 _\2 \2/p' | sed '/ __gnu_lto/d' \> conftest.nm
configure:6314: $? = 0
configure:6380: gcc -o conftest  -DRELEASE=@RELEASE@ -Wall -W -pedantic -Wshadow -ansi -I/Users/Avshalom/Desktop/smartPayChall-New/smartPayChall/CUnit/CUnit/Headers -std=c99   -L/Users/Avshalom/Desktop/smartPayChall-New/smartPayChall/CUnit/CUnit/Sources conftest.c conftstm.o >&5
configure:6383: $? = 0
configure:6421: result: ok
configure:6468: checking for sysroot
configure:6498: result: no
configure:6505: checking for a working dd
configure:6543: result: /bin/dd
configure:6547: checking how to truncate binary pipes
configure:6562: result: /bin/dd bs=4096 count=1
configure:6891: checking for mt
configure:6921: result: no
configure:6941: checking if : is a manifest tool
configure:6947: : '-?'
configure:6955: result: no
configure:7011: checking for dsymutil
configure:7027: found /usr/bin/dsymutil
configure:7038: result: dsymutil
configure:7103: checking for nmedit
configure:7119: found /usr/bin/nmedit
configure:7130: result: nmedit
configure:7195: checking for lipo
configure:7211: found /usr/bin/lipo
configure:7222: result: lipo
configure:7287: checking for otool
configure:7303: found /usr/bin/otool
configure:7314: result: otool
configure:7379: checking for otool64
configure:7409: result: no
configure:7454: checking for -single_module linker flag
gcc  -DRELEASE=@RELEASE@ -Wall -W -pedantic -Wshadow -ansi -I/Users/Avshalom/Desktop/smartPayChall-New/smartPayChall/CUnit/CUnit/Headers -std=c99  -L/Users/Avshalom/Desktop/smartPayChall-New/smartPayChall/CUnit/CUnit/Sources -o libconftest.dylib -dynamiclib -Wl,-single_module conftest.c
configure:7487: result: yes
configure:7490: checking for -exported_symbols_list linker flag
configure:7510: gcc -o conftest  -DRELEASE=@RELEASE@ -Wall -W -pedantic -Wshadow -ansi -I/Users/Avshalom/Desktop/smartPayChall-New/smartPayChall/CUnit/CUnit/Headers -std=c99   -L/Users/Avshalom/Desktop/smartPayChall-New/smartPayChall/CUnit/CUnit/Sources -Wl,-exported_symbols_list,conftest.sym conftest.c  >&5
configure:7510: $? = 0
configure:7520: result: yes
configure:7523: checking for -force_load linker flag
gcc  -DRELEASE=@RELEASE@ -Wall -W -pedantic -Wshadow -ansi -I/Users/Avshalom/Desktop/smartPayChall-New/smartPayChall/CUnit/CUnit/Headers -std=c99 -c -o conftest.o conftest.c
ar cru libconftest.a conftest.o
ranlib libconftest.a
gcc  -DRELEASE=@RELEASE@ -Wall -W -pedantic -Wshadow -ansi -I/Users/Avshalom/Desktop/smartPayChall-New/smartPayChall/CUnit/CUnit/Headers -std=c99  -L/Users/Avshalom/Desktop/smartPayChall-New/smartPayChall/CUnit/CUnit/Sources -o conftest conftest.c -Wl,-force_load,./libconftest.a
configure:7555: result: yes
configure:7632: checking how to run the C preprocessor
configure:7663: gcc -E  conftest.c
configure:7663: $? = 0
configure:7677: gcc -E  conftest.c
conftest.c:11:10: fatal error: 'ac_nonexistent.h' file not found
#include <ac_nonexistent.h>
         ^~~~~~~~~~~~~~~~~~
1 error generated.
configure:7677: $? = 1
configure: failed program was:
| /* confdefs.h */
| #define PACKAGE_NAME "CUnit"
| #define PACKAGE_TARNAME "cunit"
| #define PACKAGE_VERSION "2.1-3"
| #define PACKAGE_STRING "CUnit 2.1-3"
| #define PACKAGE_BUGREPORT ""
| #define PACKAGE_URL ""
| #define PACKAGE "CUnit"
| #define VERSION "2.1-3"
| /* end confdefs.h.  */
| #include <ac_nonexistent.h>
configure:7702: result: gcc -E
configure:7722: gcc -E  conftest.c
configure:7722: $? = 0
configure:7736: gcc -E  conftest.c
conftest.c:11:10: fatal error: 'ac_nonexistent.h' file not found
#include <ac_nonexistent.h>
         ^~~~~~~~~~~~~~~~~~
1 error generated.
configure:7736: $? = 1
configure: failed program was:
| /* confdefs.h */
| #define PACKAGE_NAME "CUnit"
| #define PACKAGE_TARNAME "cunit"
| #define PACKAGE_VERSION "2.1-3"
| #define PACKAGE_STRING "CUnit 2.1-3"
| #define PACKAGE_BUGREPORT ""
| #define PACKAGE_URL ""
| #define PACKAGE "CUnit"
| #define VERSION "2.1-3"
| /* end confdefs.h.  */
| #include <ac_nonexistent.h>
configure:7765: checking for ANSI C header files
configure:7785: gcc -c  -DRELEASE=@RELEASE@ -Wall -W -pedantic -Wshadow -ansi -I/Users/Avshalom/Desktop/smartPayChall-New/smartPayChall/CUnit/CUnit/Headers -std=c99  conftest.c >&5
configure:7785: $? = 0
configure:7858: gcc -o conftest  -DRELEASE=@RELEASE@ -Wall -W -pedantic -Wshadow -ansi -I/Users/Avshalom/Desktop/smartPayChall-New/smartPayChall/CUnit/CUnit/Headers -std=c99   -L/Users/Avshalom/Desktop/smartPayChall-New/smartPayChall/CUnit/CUnit/Sources conftest.c  >&5
configure:7858: $? = 0
configure:7858: ./conftest
configure:7858: $? = 0
configure:7869: result: yes
configure:7882: checking for sys/types.h
configure:7882: gcc -c  -DRELEASE=@RELEASE@ -Wall -W -pedantic -Wshadow -ansi -I/Users/Avshalom/Desktop/smartPayChall-New/smartPayChall/CUnit/CUnit/Headers -std=c99  conftest.c >&5
configure:7882: $? = 0
configure:7882: result: yes
configure:7882: checking for sys/stat.h
configure:7882: gcc -c  -DRELEASE=@RELEASE@ -Wall -W -pedantic -Wshadow -ansi -I/Users/Avshalom/Desktop/smartPayChall-New/smartPayChall/CUnit/CUnit/Headers -std=c99  conftest.c >&5
configure:7882: $? = 0
configure:7882: result: yes
configure:7882: checking for stdlib.h
configure:7882: gcc -c  -DRELEASE=@RELEASE@ -Wall -W -pedantic -Wshadow -ansi -I/Users/Avshalom/Desktop/smartPayChall-New/smartPayChall/CUnit/CUnit/Headers -std=c99  conftest.c >&5
configure:7882: $? = 0
configure:7882: result: yes
configure:7882: checking for string.h
configure:7882: gcc -c  -DRELEASE=@RELEASE@ -Wall -W -pedantic -Wshadow -ansi -I/Users/Avshalom/Desktop/smartPayChall-New/smartPayChall/CUnit/CUnit/Headers -std=c99  conftest.c >&5
configure:7882: $? = 0
configure:7882: result: yes
configure:7882: checking for memory.h
configure:7882: gcc -c  -DRELEASE=@RELEASE@ -Wall -W -pedantic -Wshadow -ansi -I/Users/Avshalom/Desktop/smartPayChall-New/smartPayChall/CUnit/CUnit/Headers -std=c99  conftest.c >&5
configure:7882: $? = 0
configure:7882: result: yes
configure:7882: checking for strings.h
configure:7882: gcc -c  -DRELEASE=@RELEASE@ -Wall -W -pedantic -Wshadow -ansi -I/Users/Avshalom/Desktop/smartPayChall-New/smartPayChall/CUnit/CUnit/Headers -std=c99  conftest.c >&5
configure:7882: $? = 0
configure:7882: result: yes
configure:7882: checking for inttypes.h
configure:7882: gcc -c  -DRELEASE=@RELEASE@ -Wall -W -pedantic -Wshadow -ansi -I/Users/Avshalom/Desktop/smartPayChall-New/smartPayChall/CUnit/CUnit/Headers -std=c99  conftest.c >&5
configure:7882: $? = 0
configure:7882: result: yes
configure:7882: checking for stdint.h
configure:7882: gcc -c  -DRELEASE=@RELEASE@ -Wall -W -pedantic -Wshadow -ansi -I/Users/Avshalom/Desktop/smartPayChall-New/smartPayChall/CUnit/CUnit/Headers -std=c99  conftest.c >&5
configure:7882: $? = 0
configure:7882: result: yes
configure:7882: checking for unistd.h
configure:7882: gcc -c  -DRELEASE=@RELEASE@ -Wall -W -pedantic -Wshadow -ansi -I/Users/Avshalom/Desktop/smartPayChall-New/smartPayChall/CUnit/CUnit/Headers -std=c99  conftest.c >&5
configure:7882: $? = 0
configure:7882: result: yes
configure:7896: checking for dlfcn.h
configure:7896: gcc -c  -DRELEASE=@RELEASE@ -Wall -W -pedantic -Wshadow -ansi -I/Users/Avshalom/Desktop/smartPayChall-New/smartPayChall/CUnit/CUnit/Headers -std=c99  conftest.c >&5
configure:7896: $? = 0
configure:7896: result: yes
configure:8152: checking for objdir
configure:8167: result: .libs
configure:8427: checking if gcc supports -fno-rtti -fno-exceptions
configure:8445: gcc -c  -DRELEASE=@RELEASE@ -Wall -W -pedantic -Wshadow -ansi -I/Users/Avshalom/Desktop/smartPayChall-New/smartPayChall/CUnit/CUnit/Headers -std=c99  -fno-rtti -fno-exceptions conftest.c >&5
configure:8449: $? = 0
configure:8462: result: yes
configure:8820: checking for gcc option to produce PIC
configure:8827: result: -fno-common -DPIC
configure:8835: checking if gcc PIC flag -fno-common -DPIC works
configure:8853: gcc -c  -DRELEASE=@RELEASE@ -Wall -W -pedantic -Wshadow -ansi -I/Users/Avshalom/Desktop/smartPayChall-New/smartPayChall/CUnit/CUnit/Headers -std=c99  -fno-common -DPIC -DPIC conftest.c >&5
configure:8857: $? = 0
configure:8870: result: yes
configure:8899: checking if gcc static flag -static works
configure:8927: result: no
configure:8942: checking if gcc supports -c -o file.o
configure:8963: gcc -c  -DRELEASE=@RELEASE@ -Wall -W -pedantic -Wshadow -ansi -I/Users/Avshalom/Desktop/smartPayChall-New/smartPayChall/CUnit/CUnit/Headers -std=c99  -o out/conftest2.o conftest.c >&5
configure:8967: $? = 0
configure:8989: result: yes
configure:8997: checking if gcc supports -c -o file.o
configure:9044: result: yes
configure:9077: checking whether the gcc linker (/Library/Developer/CommandLineTools/usr/bin/ld) supports shared libraries
configure:10336: result: yes
configure:10576: checking dynamic linker characteristics
configure:11394: result: darwin17.3.0 dyld
configure:11516: checking how to hardcode library paths into programs
configure:11541: result: immediate
configure:12089: checking whether stripping libraries is possible
configure:12103: result: yes
configure:12129: checking if libtool supports shared libraries
configure:12131: result: yes
configure:12134: checking whether to build shared libraries
configure:12159: result: yes
configure:12162: checking whether to build static libraries
configure:12166: result: yes
configure:12204: checking for main in -lc
configure:12223: gcc -o conftest  -DRELEASE=@RELEASE@ -Wall -W -pedantic -Wshadow -ansi -I/Users/Avshalom/Desktop/smartPayChall-New/smartPayChall/CUnit/CUnit/Headers -std=c99   -L/Users/Avshalom/Desktop/smartPayChall-New/smartPayChall/CUnit/CUnit/Sources conftest.c -lc   >&5
conftest.c:27:1: warning: all paths through this function will call itself [-Winfinite-recursion]
{
^
1 warning generated.
configure:12223: $? = 0
configure:12232: result: yes
configure:12349: checking for malloc
configure:12349: gcc -o conftest  -DRELEASE=@RELEASE@ -Wall -W -pedantic -Wshadow -ansi -I/Users/Avshalom/Desktop/smartPayChall-New/smartPayChall/CUnit/CUnit/Headers -std=c99   -L/Users/Avshalom/Desktop/smartPayChall-New/smartPayChall/CUnit/CUnit/Sources conftest.c -lc  >&5
conftest.c:47:6: warning: incompatible redeclaration of library function 'malloc' [-Wincompatible-library-redeclaration]
char malloc ();
     ^
conftest.c:47:6: note: 'malloc' is a builtin with type 'void *(unsigned long)'
1 warning generated.
configure:12349: $? = 0
configure:12349: result: yes
configure:12356: checking for free
configure:12356: gcc -o conftest  -DRELEASE=@RELEASE@ -Wall -W -pedantic -Wshadow -ansi -I/Users/Avshalom/Desktop/smartPayChall-New/smartPayChall/CUnit/CUnit/Headers -std=c99   -L/Users/Avshalom/Desktop/smartPayChall-New/smartPayChall/CUnit/CUnit/Sources conftest.c -lc  >&5
configure:12356: $? = 0
configure:12356: result: yes
configure:12363: checking for calloc
configure:12363: gcc -o conftest  -DRELEASE=@RELEASE@ -Wall -W -pedantic -Wshadow -ansi -I/Users/Avshalom/Desktop/smartPayChall-New/smartPayChall/CUnit/CUnit/Headers -std=c99   -L/Users/Avshalom/Desktop/smartPayChall-New/smartPayChall/CUnit/CUnit/Sources conftest.c -lc  >&5
conftest.c:47:6: warning: incompatible redeclaration of library function 'calloc' [-Wincompatible-library-redeclaration]
char calloc ();
     ^
conftest.c:47:6: note: 'calloc' is a builtin with type 'void *(unsigned long, unsigned long)'
1 warning generated.
configure:12363: $? = 0
configure:12363: result: yes
configure:12370: checking for realloc
configure:12370: gcc -o conftest  -DRELEASE=@RELEASE@ -Wall -W -pedantic -Wshadow -ansi -I/Users/Avshalom/Desktop/smartPayChall-New/smartPayChall/CUnit/CUnit/Headers -std=c99   -L/Users/Avshalom/Desktop/smartPayChall-New/smartPayChall/CUnit/CUnit/Sources conftest.c -lc  >&5
conftest.c:47:6: warning: incompatible redeclaration of library function 'realloc' [-Wincompatible-library-redeclaration]
char realloc ();
     ^
conftest.c:47:6: note: 'realloc' is a builtin with type 'void *(void *, unsigned long)'
1 warning generated.
configure:12370: $? = 0
configure:12370: result: yes
configure:12378: checking for strcpy
configure:12378: gcc -o conftest  -DRELEASE=@RELEASE@ -Wall -W -pedantic -Wshadow -ansi -I/Users/Avshalom/Desktop/smartPayChall-New/smartPayChall/CUnit/CUnit/Headers -std=c99   -L/Users/Avshalom/Desktop/smartPayChall-New/smartPayChall/CUnit/CUnit/Sources conftest.c -lc  >&5
conftest.c:47:6: warning: incompatible redeclaration of library function 'strcpy' [-Wincompatible-library-redeclaration]
char strcpy ();
     ^
conftest.c:47:6: note: 'strcpy' is a builtin with type 'char *(char *, const char *)'
1 warning generated.
configure:12378: $? = 0
configure:12378: result: yes
configure:12385: checking for strerror
configure:12385: gcc -o conftest  -DRELEASE=@RELEASE@ -Wall -W -pedantic -Wshadow -ansi -I/Users/Avshalom/Desktop/smartPayChall-New/smartPayChall/CUnit/CUnit/Headers -std=c99   -L/Users/Avshalom/Desktop/smartPayChall-New/smartPayChall/CUnit/CUnit/Sources conftest.c -lc  >&5
conftest.c:47:6: warning: incompatible redeclaration of library function 'strerror' [-Wincompatible-library-redeclaration]
char strerror ();
     ^
conftest.c:47:6: note: 'strerror' is a builtin with type 'char *(int)'
1 warning generated.
configure:12385: $? = 0
configure:12385: result: yes
configure:12393: checking for fopen
configure:12393: gcc -o conftest  -DRELEASE=@RELEASE@ -Wall -W -pedantic -Wshadow -ansi -I/Users/Avshalom/Desktop/smartPayChall-New/smartPayChall/CUnit/CUnit/Headers -std=c99   -L/Users/Avshalom/Desktop/smartPayChall-New/smartPayChall/CUnit/CUnit/Sources conftest.c -lc  >&5
configure:12393: $? = 0
configure:12393: result: yes
configure:12400: checking for fclose
configure:12400: gcc -o conftest  -DRELEASE=@RELEASE@ -Wall -W -pedantic -Wshadow -ansi -I/Users/Avshalom/Desktop/smartPayChall-New/smartPayChall/CUnit/CUnit/Headers -std=c99   -L/Users/Avshalom/Desktop/smartPayChall-New/smartPayChall/CUnit/CUnit/Sources conftest.c -lc  >&5
configure:12400: $? = 0
configure:12400: result: yes
configure:12407: checking for fprintf
configure:12407: gcc -o conftest  -DRELEASE=@RELEASE@ -Wall -W -pedantic -Wshadow -ansi -I/Users/Avshalom/Desktop/smartPayChall-New/smartPayChall/CUnit/CUnit/Headers -std=c99   -L/Users/Avshalom/Desktop/smartPayChall-New/smartPayChall/CUnit/CUnit/Sources conftest.c -lc  >&5
conftest.c:47:6: warning: declaration of built-in function 'fprintf' requires inclusion of the header <stdio.h> [-Wbuiltin-requires-header]
char fprintf ();
     ^
conftest.c:58:17: warning: format string missing [-Wformat]
return fprintf ();
       ~~~~~~~  ^
2 warnings generated.
configure:12407: $? = 0
configure:12407: result: yes
configure:12414: checking for snprintf
configure:12414: gcc -o conftest  -DRELEASE=@RELEASE@ -Wall -W -pedantic -Wshadow -ansi -I/Users/Avshalom/Desktop/smartPayChall-New/smartPayChall/CUnit/CUnit/Headers -std=c99   -L/Users/Avshalom/Desktop/smartPayChall-New/smartPayChall/CUnit/CUnit/Sources conftest.c -lc  >&5
conftest.c:47:6: warning: incompatible redeclaration of library function 'snprintf' [-Wincompatible-library-redeclaration]
char snprintf ();
     ^
conftest.c:47:6: note: 'snprintf' is a builtin with type 'int (char *, unsigned long, const char *, ...)'
1 warning generated.
configure:12414: $? = 0
configure:12414: result: yes
configure:12421: checking for setvbuf
configure:12421: gcc -o conftest  -DRELEASE=@RELEASE@ -Wall -W -pedantic -Wshadow -ansi -I/Users/Avshalom/Desktop/smartPayChall-New/smartPayChall/CUnit/CUnit/Headers -std=c99   -L/Users/Avshalom/Desktop/smartPayChall-New/smartPayChall/CUnit/CUnit/Sources conftest.c -lc  >&5
configure:12421: $? = 0
configure:12421: result: yes
configure:12429: checking for time
configure:12429: gcc -o conftest  -DRELEASE=@RELEASE@ -Wall -W -pedantic -Wshadow -ansi -I/Users/Avshalom/Desktop/smartPayChall-New/smartPayChall/CUnit/CUnit/Headers -std=c99   -L/Users/Avshalom/Desktop/smartPayChall-New/smartPayChall/CUnit/CUnit/Sources conftest.c -lc  >&5
configure:12429: $? = 0
configure:12429: result: yes
configure:12436: checking for ctime
configure:12436: gcc -o conftest  -DRELEASE=@RELEASE@ -Wall -W -pedantic -Wshadow -ansi -I/Users/Avshalom/Desktop/smartPayChall-New/smartPayChall/CUnit/CUnit/Headers -std=c99   -L/Users/Avshalom/Desktop/smartPayChall-New/smartPayChall/CUnit/CUnit/Sources conftest.c -lc  >&5
configure:12436: $? = 0
configure:12436: result: yes
configure:12444: checking for ANSI C header files
configure:12548: result: yes
configure:12558: checking assert.h usability
configure:12558: gcc -c  -DRELEASE=@RELEASE@ -Wall -W -pedantic -Wshadow -ansi -I/Users/Avshalom/Desktop/smartPayChall-New/smartPayChall/CUnit/CUnit/Headers -std=c99  conftest.c >&5
configure:12558: $? = 0
configure:12558: result: yes
configure:12558: checking assert.h presence
configure:12558: gcc -E  conftest.c
configure:12558: $? = 0
configure:12558: result: yes
configure:12558: checking for assert.h
configure:12558: result: yes
configure:12570: checking ctype.h usability
configure:12570: gcc -c  -DRELEASE=@RELEASE@ -Wall -W -pedantic -Wshadow -ansi -I/Users/Avshalom/Desktop/smartPayChall-New/smartPayChall/CUnit/CUnit/Headers -std=c99  conftest.c >&5
configure:12570: $? = 0
configure:12570: result: yes
configure:12570: checking ctype.h presence
configure:12570: gcc -E  conftest.c
configure:12570: $? = 0
configure:12570: result: yes
configure:12570: checking for ctype.h
configure:12570: result: yes
configure:12582: checking math.h usability
configure:12582: gcc -c  -DRELEASE=@RELEASE@ -Wall -W -pedantic -Wshadow -ansi -I/Users/Avshalom/Desktop/smartPayChall-New/smartPayChall/CUnit/CUnit/Headers -std=c99  conftest.c >&5
configure:12582: $? = 0
configure:12582: result: yes
configure:12582: checking math.h presence
configure:12582: gcc -E  conftest.c
configure:12582: $? = 0
configure:12582: result: yes
configure:12582: checking for math.h
configure:12582: result: yes
configure:12594: checking file.h usability
configure:12594: gcc -c  -DRELEASE=@RELEASE@ -Wall -W -pedantic -Wshadow -ansi -I/Users/Avshalom/Desktop/smartPayChall-New/smartPayChall/CUnit/CUnit/Headers -std=c99  conftest.c >&5
conftest.c:61:10: fatal error: 'file.h' file not found
#include <file.h>
         ^~~~~~~~
1 error generated.
configure:12594: $? = 1
configure: failed program was:
| /* confdefs.h */
| #define PACKAGE_NAME "CUnit"
| #define PACKAGE_TARNAME "cunit"
| #define PACKAGE_VERSION "2.1-3"
| #define PACKAGE_STRING "CUnit 2.1-3"
| #define PACKAGE_BUGREPORT ""
| #define PACKAGE_URL ""
| #define PACKAGE "CUnit"
| #define VERSION "2.1-3"
| #define STDC_HEADERS 1
| #define HAVE_SYS_TYPES_H 1
| #define HAVE_SYS_STAT_H 1
| #define HAVE_STDLIB_H 1
| #define HAVE_STRING_H 1
| #define HAVE_MEMORY_H 1
| #define HAVE_STRINGS_H 1
| #define HAVE_INTTYPES_H 1
| #define HAVE_STDINT_H 1
| #define HAVE_UNISTD_H 1
| #define HAVE_DLFCN_H 1
| #define LT_OBJDIR ".libs/"
| #define HAVE_LIBC 1
| #define STDC_HEADERS 1
| #define HAVE_ASSERT_H 1
| #define HAVE_CTYPE_H 1
| #define HAVE_MATH_H 1
| /* end confdefs.h.  */
| #include <stdio.h>
| #ifdef HAVE_SYS_TYPES_H
| # include <sys/types.h>
| #endif
| #ifdef HAVE_SYS_STAT_H
| # include <sys/stat.h>
| #endif
| #ifdef STDC_HEADERS
| # include <stdlib.h>
| # include <stddef.h>
| #else
| # ifdef HAVE_STDLIB_H
| #  include <stdlib.h>
| # endif
| #endif
| #ifdef HAVE_STRING_H
| # if !defined STDC_HEADERS && defined HAVE_MEMORY_H
| #  include <memory.h>
| # endif
| # include <string.h>
| #endif
| #ifdef HAVE_STRINGS_H
| # include <strings.h>
| #endif
| #ifdef HAVE_INTTYPES_H
| # include <inttypes.h>
| #endif
| #ifdef HAVE_STDINT_H
| # include <stdint.h>
| #endif
| #ifdef HAVE_UNISTD_H
| # include <unistd.h>
| #endif
| #include <file.h>
configure:12594: result: no
configure:12594: checking file.h presence
configure:12594: gcc -E  conftest.c
conftest.c:28:10: fatal error: 'file.h' file not found
#include <file.h>
         ^~~~~~~~
1 error generated.
configure:12594: $? = 1
configure: failed program was:
| /* confdefs.h */
| #define PACKAGE_NAME "CUnit"
| #define PACKAGE_TARNAME "cunit"
| #define PACKAGE_VERSION "2.1-3"
| #define PACKAGE_STRING "CUnit 2.1-3"
| #define PACKAGE_BUGREPORT ""
| #define PACKAGE_URL ""
| #define PACKAGE "CUnit"
| #define VERSION "2.1-3"
| #define STDC_HEADERS 1
| #define HAVE_SYS_TYPES_H 1
| #define HAVE_SYS_STAT_H 1
| #define HAVE_STDLIB_H 1
| #define HAVE_STRING_H 1
| #define HAVE_MEMORY_H 1
| #define HAVE_STRINGS_H 1
| #define HAVE_INTTYPES_H 1
| #define HAVE_STDINT_H 1
| #define HAVE_UNISTD_H 1
| #define HAVE_DLFCN_H 1
| #define LT_OBJDIR ".libs/"
| #define HAVE_LIBC 1
| #define STDC_HEADERS 1
| #define HAVE_ASSERT_H 1
| #define HAVE_CTYPE_H 1
| #define HAVE_MATH_H 1
| /* end confdefs.h.  */
| #include <file.h>
configure:12594: result: no
configure:12594: checking for file.h
configure:12594: result: no
configure:12606: checking stdio.h usability
configure:12606: gcc -c  -DRELEASE=@RELEASE@ -Wall -W -pedantic -Wshadow -ansi -I/Users/Avshalom/Desktop/smartPayChall-New/smartPayChall/CUnit/CUnit/Headers -std=c99  conftest.c >&5
configure:12606: $? = 0
configure:12606: result: yes
configure:12606: checking stdio.h presence
configure:12606: gcc -E  conftest.c
configure:12606: $? = 0
configure:12606: result: yes
configure:12606: checking for stdio.h
configure:12606: result: yes
configure:12618: checking for stdlib.h
configure:12618: result: yes
configure:12630: checking for string.h
configure:12630: result: yes
configure:12644: checking for an ANSI C-conforming const
configure:12710: gcc -c  -DRELEASE=@RELEASE@ -Wall -W -pedantic -Wshadow -ansi -I/Users/Avshalom/Desktop/smartPayChall-New/smartPayChall/CUnit/CUnit/Headers -std=c99  conftest.c >&5
configure:12710: $? = 0
configure:12717: result: yes
configure:12861: checking that generated files are newer than configure
configure:12867: result: done
configure:12914: creating ./config.status

## ---------------------- ##
## Running config.status. ##
## ---------------------- ##

This file was extended by CUnit config.status 2.1-3, which was
generated by GNU Autoconf 2.69.  Invocation command line was

  CONFIG_FILES    = 
  CONFIG_HEADERS  = 
  CONFIG_LINKS    = 
  CONFIG_COMMANDS = 
  $ ./config.status 

on Avshaloms-MacBook-Pro.local

config.status:1141: creating Jamrules
config.status:1141: creating Makefile
config.status:1141: creating CUnit.spec
config.status:1141: creating cunit.pc
config.status:1141: creating CUnit/Makefile
config.status:1141: creating CUnit/Headers/Makefile
config.status:1141: creating CUnit/Headers/CUnit.h
config.status:1141: creating CUnit/Sources/Makefile
config.status:1141: creating CUnit/Sources/Framework/Makefile
config.status:1141: creating CUnit/Sources/Automated/Makefile
config.status:1141: creating CUnit/Sources/Basic/Makefile
config.status:1141: creating CUnit/Sources/Console/Makefile
config.status:1141: creating CUnit/Sources/Curses/Makefile
config.status:1141: creating CUnit/Sources/Test/Makefile
config.status:1141: creating doc/Makefile
config.status:1141: creating doc/headers/Makefile
config.status:1141: creating Examples/Makefile
config.status:1141: creating Examples/AutomatedTest/Makefile
config.status:1141: creating Examples/BasicTest/Makefile
config.status:1141: creating Examples/ConsoleTest/Makefile
config.status:1141: creating Examples/CursesTest/Makefile
config.status:1141: creating Man/Makefile
config.status:1141: creating Man/man3/Makefile
config.status:1141: creating Share/Makefile
config.status:1141: creating config.h
config.status:1322: config.h is unchanged
config.status:1370: executing depfiles commands
config.status:1370: executing libtool commands

## ---------------- ##
## Cache variables. ##
## ---------------- ##

ac_cv_build=x86_64-apple-darwin17.3.0
ac_cv_c_compiler_gnu=yes
ac_cv_c_const=yes
ac_cv_env_CC_set=
ac_cv_env_CC_value=
ac_cv_env_CFLAGS_set=
ac_cv_env_CFLAGS_value=
ac_cv_env_CPPFLAGS_set=
ac_cv_env_CPPFLAGS_value=
ac_cv_env_CPP_set=
ac_cv_env_CPP_value=
ac_cv_env_LDFLAGS_set=
ac_cv_env_LDFLAGS_value=
ac_cv_env_LIBS_set=
ac_cv_env_LIBS_value=
ac_cv_env_LT_SYS_LIBRARY_PATH_set=
ac_cv_env_LT_SYS_LIBRARY_PATH_value=
ac_cv_env_build_alias_set=
ac_cv_env_build_alias_value=
ac_cv_env_host_alias_set=
ac_cv_env_host_alias_value=
ac_cv_env_target_alias_set=
ac_cv_env_target_alias_value=
ac_cv_func_calloc=yes
ac_cv_func_ctime=yes
ac_cv_func_fclose=yes
ac_cv_func_fopen=yes
ac_cv_func_fprintf=yes
ac_cv_func_free=yes
ac_cv_func_malloc=yes
ac_cv_func_realloc=yes
ac_cv_func_setvbuf=yes
ac_cv_func_snprintf=yes
ac_cv_func_strcpy=yes
ac_cv_func_strerror=yes
ac_cv_func_time=yes
ac_cv_header_assert_h=yes
ac_cv_header_ctype_h=yes
ac_cv_header_dlfcn_h=yes
ac_cv_header_file_h=no
ac_cv_header_inttypes_h=yes
ac_cv_header_math_h=yes
ac_cv_header_memory_h=yes
ac_cv_header_stdc=yes
ac_cv_header_stdint_h=yes
ac_cv_header_stdio_h=yes
ac_cv_header_stdlib_h=yes
ac_cv_header_string_h=yes
ac_cv_header_strings_h=yes
ac_cv_header_sys_stat_h=yes
ac_cv_header_sys_types_h=yes
ac_cv_header_unistd_h=yes
ac_cv_host=x86_64-apple-darwin17.3.0
ac_cv_lib_c_main=yes
ac_cv_objext=o
ac_cv_path_EGREP='/usr/bin/grep -E'
ac_cv_path_FGREP='/usr/bin/grep -F'
ac_cv_path_GREP=/usr/bin/grep
ac_cv_path_SED=/usr/bin/sed
ac_cv_path_install='/usr/bin/install -c'
ac_cv_path_lt_DD=/bin/dd
ac_cv_prog_AWK=awk
ac_cv_prog_CPP='gcc -E'
ac_cv_prog_ac_ct_AR=ar
ac_cv_prog_ac_ct_CC=gcc
ac_cv_prog_ac_ct_DSYMUTIL=dsymutil
ac_cv_prog_ac_ct_LIPO=lipo
ac_cv_prog_ac_ct_NMEDIT=nmedit
ac_cv_prog_ac_ct_OBJDUMP=objdump
ac_cv_prog_ac_ct_OTOOL=otool
ac_cv_prog_ac_ct_RANLIB=ranlib
ac_cv_prog_ac_ct_STRIP=strip
ac_cv_prog_cc_c89=
ac_cv_prog_cc_g=yes
ac_cv_prog_make_make_set=yes
am_cv_CC_dependencies_compiler_type=gcc3
am_cv_make_support_nested_variables=yes
am_cv_prog_cc_c_o=yes
lt_cv_apple_cc_single_mod=yes
lt_cv_ar_at_file=no
lt_cv_deplibs_check_method=pass_all
lt_cv_file_magic_cmd='$MAGIC_CMD'
lt_cv_file_magic_test_file=
lt_cv_ld_exported_symbols_list=yes
lt_cv_ld_force_load=yes
lt_cv_ld_reload_flag=-r
lt_cv_nm_interface='BSD nm'
lt_cv_objdir=.libs
lt_cv_path_LD=/Library/Developer/CommandLineTools/usr/bin/ld
lt_cv_path_NM='/usr/bin/nm -B'
lt_cv_path_mainfest_tool=no
lt_cv_prog_compiler_c_o=yes
lt_cv_prog_compiler_pic='-fno-common -DPIC'
lt_cv_prog_compiler_pic_works=yes
lt_cv_prog_compiler_rtti_exceptions=yes
lt_cv_prog_compiler_static_works=no
lt_cv_prog_gnu_ld=no
lt_cv_sharedlib_from_linklib_cmd='printf %s\n'
lt_cv_sys_global_symbol_pipe='sed -n -e '\''s/^.*[	 ]\([BCDEGRST][BCDEGRST]*\)[	 ][	 ]*_\([_A-Za-z][_A-Za-z0-9]*\)$/\1 _\2 \2/p'\'' | sed '\''/ __gnu_lto/d'\'''
lt_cv_sys_global_symbol_to_c_name_address='sed -n -e '\''s/^: \(.*\) .*$/  {"\1", (void *) 0},/p'\'' -e '\''s/^[BCDEGRST][BCDEGRST]* .* \(.*\)$/  {"\1", (void *) \&\1},/p'\'''
lt_cv_sys_global_symbol_to_c_name_address_lib_prefix='sed -n -e '\''s/^: \(.*\) .*$/  {"\1", (void *) 0},/p'\'' -e '\''s/^[BCDEGRST][BCDEGRST]* .* \(lib.*\)$/  {"\1", (void *) \&\1},/p'\'' -e '\''s/^[BCDEGRST][BCDEGRST]* .* \(.*\)$/  {"lib\1", (void *) \&\1},/p'\'''
lt_cv_sys_global_symbol_to_cdecl='sed -n -e '\''s/^T .* \(.*\)$/extern int \1();/p'\'' -e '\''s/^[BCDEGRST][BCDEGRST]* .* \(.*\)$/extern char \1;/p'\'''
lt_cv_sys_global_symbol_to_import=
lt_cv_sys_max_cmd_len=196608
lt_cv_to_host_file_cmd=func_convert_file_noop
lt_cv_to_tool_file_cmd=func_convert_file_noop
lt_cv_truncate_bin='/bin/dd bs=4096 count=1'

## ----------------- ##
## Output variables. ##
## ----------------- ##

ACLOCAL='${SHELL} /Users/Avshalom/Desktop/smartPayChall-New/smartPayChall/CUnit/missing aclocal-1.15'
AMDEPBACKSLASH='\'
AMDEP_FALSE='#'
AMDEP_TRUE=''
AMTAR='$${TAR-tar}'
AM_BACKSLASH='\'
AM_DEFAULT_V='$(AM_DEFAULT_VERBOSITY)'
AM_DEFAULT_VERBOSITY='1'
AM_V='$(V)'
AR='ar'
AUTOCONF='${SHELL} /Users/Avshalom/Desktop/smartPayChall-New/smartPayChall/CUnit/missing autoconf'
AUTOHEADER='${SHELL} /Users/Avshalom/Desktop/smartPayChall-New/smartPayChall/CUnit/missing autoheader'
AUTOMAKE='${SHELL} /Users/Avshalom/Desktop/smartPayChall-New/smartPayChall/CUnit/missing automake-1.15'
AWK='awk'
BUILD_AUTOMATED='TRUE'
BUILD_BASIC='TRUE'
BUILD_CONSOLE='TRUE'
BUILD_CURSES='FALSE'
BUILD_EXAMPLES='FALSE'
BUILD_TEST='FALSE'
CC='gcc'
CCDEPMODE='depmode=gcc3'
CFLAGS=' -DRELEASE=@RELEASE@ -Wall -W -pedantic -Wshadow -ansi -I/Users/Avshalom/Desktop/smartPayChall-New/smartPayChall/CUnit/CUnit/Headers -std=c99'
CPP='gcc -E'
CPPFLAGS=''
CURSES_LIB=''
CYGPATH_W='echo'
DEFS='-DHAVE_CONFIG_H'
DEPDIR='.deps'
DLLTOOL='false'
DSYMUTIL='dsymutil'
DUMPBIN=''
ECHO_C='\c'
ECHO_N=''
ECHO_T=''
EGREP='/usr/bin/grep -E'
ENABLE_AUTOMATED_FALSE='#'
ENABLE_AUTOMATED_TRUE=''
ENABLE_BASIC_FALSE='#'
ENABLE_BASIC_TRUE=''
ENABLE_CONSOLE_FALSE='#'
ENABLE_CONSOLE_TRUE=''
ENABLE_CURSES_FALSE=''
ENABLE_CURSES_TRUE='#'
ENABLE_DEBUG='FALSE'
ENABLE_DEPRECATED='FALSE'
ENABLE_EXAMPLES_FALSE=''
ENABLE_EXAMPLES_TRUE='#'
ENABLE_MEMTRACE='FALSE'
ENABLE_TEST_FALSE=''
ENABLE_TEST_TRUE='#'
EXEEXT=''
FGREP='/usr/bin/grep -F'
GREP='/usr/bin/grep'
INSTALL_DATA='${INSTALL} -m 644'
INSTALL_PROGRAM='${INSTALL}'
INSTALL_SCRIPT='${INSTALL}'
INSTALL_STRIP_PROGRAM='$(install_sh) -c -s'
LD='/Library/Developer/CommandLineTools/usr/bin/ld'
LDFLAGS=' -L/Users/Avshalom/Desktop/smartPayChall-New/smartPayChall/CUnit/CUnit/Sources'
LIBOBJS=''
LIBS='-lc '
LIBTOOL='$(SHELL) $(top_builddir)/libtool'
LIBTOOL_AGE='0'
LIBTOOL_CURRENT='1'
LIBTOOL_REVISION='1'
LIBTOOL_SUFFIX1='1'
LIBTOOL_SUFFIX='1.0.1'
LIPO='lipo'
LN_S='ln -s'
LTLIBOBJS=''
LT_SYS_LIBRARY_PATH=''
MAKEINFO='${SHELL} /Users/Avshalom/Desktop/smartPayChall-New/smartPayChall/CUnit/missing makeinfo'
MANIFEST_TOOL=':'
MKDIR_P='./install-sh -c -d'
NM='/usr/bin/nm -B'
NMEDIT='nmedit'
OBJDUMP='objdump'
OBJEXT='o'
OTOOL64=':'
OTOOL='otool'
PACKAGE='CUnit'
PACKAGE_BUGREPORT=''
PACKAGE_NAME='CUnit'
PACKAGE_STRING='CUnit 2.1-3'
PACKAGE_TARNAME='cunit'
PACKAGE_URL=''
PACKAGE_VERSION='2.1-3'
PATH_SEPARATOR=':'
RANLIB='ranlib'
RELEASE='3'
SED='/usr/bin/sed'
SET_MAKE=''
SHELL='/bin/sh'
STRIP='strip'
VERSION='2.1'
VERSION_MAJOR='2'
VERSION_MINOR='1'
ac_ct_AR='ar'
ac_ct_CC='gcc'
ac_ct_DUMPBIN=''
am__EXEEXT_FALSE=''
am__EXEEXT_TRUE='#'
am__fastdepCC_FALSE='#'
am__fastdepCC_TRUE=''
am__include='include'
am__isrc=''
am__leading_dot='.'
am__nodep='_no'
am__quote=''
am__tar='$${TAR-tar} chof - "$$tardir"'
am__untar='$${TAR-tar} xf -'
bindir='${exec_prefix}/bin'
build='x86_64-apple-darwin17.3.0'
build_alias=''
build_cpu='x86_64'
build_os='darwin17.3.0'
build_vendor='apple'
datadir='${datarootdir}'
datarootdir='${prefix}/share'
docdir='${datarootdir}/doc/${PACKAGE_TARNAME}'
dvidir='${docdir}'
exec_prefix='${prefix}'
host='x86_64-apple-darwin17.3.0'
host_alias=''
host_cpu='x86_64'
host_os='darwin17.3.0'
host_vendor='apple'
htmldir='${docdir}'
includedir='${prefix}/include'
infodir='${datarootdir}/info'
install_sh='${SHELL} /Users/Avshalom/Desktop/smartPayChall-New/smartPayChall/CUnit/install-sh'
libdir='${exec_prefix}/lib'
libexecdir='${exec_prefix}/libexec'
localedir='${datarootdir}/locale'
localstatedir='${prefix}/var'
mandir='${datarootdir}/man'
mkdir_p='$(MKDIR_P)'
oldincludedir='/usr/include'
pdfdir='${docdir}'
prefix='/usr/local'
program_transform_name='s,x,x,'
psdir='${docdir}'
sbindir='${exec_prefix}/sbin'
sharedstatedir='${prefix}/com'
sysconfdir='${prefix}/etc'
target_alias=''

## ----------- ##
## confdefs.h. ##
## ----------- ##

/* confdefs.h */
#define PACKAGE_NAME "CUnit"
#define PACKAGE_TARNAME "cunit"
#define PACKAGE_VERSION "2.1-3"
#define PACKAGE_STRING "CUnit 2.1-3"
#define PACKAGE_BUGREPORT ""
#define PACKAGE_URL ""
#define PACKAGE "CUnit"
#define VERSION "2.1-3"
#define STDC_HEADERS 1
#define HAVE_SYS_TYPES_H 1
#define HAVE_SYS_STAT_H 1
#define HAVE_STDLIB_H 1
#define HAVE_STRING_H 1
#define HAVE_MEMORY_H 1
#define HAVE_STRINGS_H 1
#define HAVE_INTTYPES_H 1
#define HAVE_STDINT_H 1
#define HAVE_UNISTD_H 1
#define HAVE_DLFCN_H 1
#define LT_OBJDIR ".libs/"
#define HAVE_LIBC 1
#define STDC_HEADERS 1
#define HAVE_ASSERT_H 1
#define HAVE_CTYPE_H 1
#define HAVE_MATH_H 1
#define HAVE_STDIO_H 1
#define HAVE_STDLIB_H 1
#define HAVE_STRING_H 1

configure: exit 0
